<?xml version="1.0" encoding="UTF-8"?>
<testng-results skipped="0" failed="0" ignored="0" total="0" passed="0">
  <reporter-output>
  </reporter-output>
  <suite name="it.yanice.studyTracker.services.StudyTrackerServiceTest" duration-ms="13" started-at="2018-03-02T10:08:51Z" finished-at="2018-03-02T10:08:51Z">
    <groups>
    </groups>
    <test name="Command line test" duration-ms="13" started-at="2018-03-02T10:08:51Z" finished-at="2018-03-02T10:08:51Z">
    </test> <!-- Command line test -->
  </suite> <!-- it.yanice.studyTracker.services.StudyTrackerServiceTest -->
</testng-results>
